<?xml version="1.0" encoding="UTF-8"?>
<!-- Generated by org.testng.reporters.JUnitReportReporter -->
<testsuite hostname="DESKTOP-P46RTQG" failures="0" tests="1" name="Runner1.Test_run" time="29.155" errors="0" timestamp="4 Nov 2022 07:20:42 GMT">
  <testcase classname="Runner1.Test_run" name="runScenario" time="29.155"/>
</testsuite> <!-- Runner1.Test_run -->
