<?xml version="1.0" encoding="UTF-8"?>
<!-- Generated by org.testng.reporters.JUnitReportReporter -->
<testsuite hostname="DESKTOP-P46RTQG" failures="0" tests="2" name="Runner1.Test_run" time="58.275" errors="0" timestamp="4 Nov 2022 07:02:10 GMT">
  <testcase classname="Runner1.Test_run" name="runScenario" time="31.909"/>
  <testcase classname="Runner1.Test_run" name="runScenario" time="26.366"/>
</testsuite> <!-- Runner1.Test_run -->
